<!doctype html>
<html lang="">
<head>
    <meta charset="UTF-8">
    <meta name="viewport"
          content="width=device-width, user-scalable=no, initial-scale=1.0, maximum-scale=1.0, minimum-scale=1.0">
    <meta http-equiv="X-UA-Compatible" content="ie=edge">
    <title>Test Results Report - GUI Tests</title>

    <link href="reportng.css" rel="stylesheet" type="text/css"/>
</head>
<body>
<div id="meta">
Generated by <a href="http://www.testng.org" target="_blank">TestNG</a> with <a href="https://github.com/testng-team/reportng" target="_blank">ReportNG</a>
at 22:16 MSK on четверг 19 января 2023
    <br/><span
    id="systemInfo">Home@DESKTOP-CN51V8G&nbsp;/&nbsp;Java 18.0.2.1 (Oracle Corporation)&nbsp;/&nbsp;Windows 10 10.0 (amd64)</span>
</div>
<h1>GUI Tests</h1>

<p>
    <a href="index.html">Suites</a>
        &#183; <a href="output.html">Log Output</a>
</p>

<p>Test duration
    : 100,550s</p>


    <table class="resultsTable">
        <tr>
            <th colspan="3" class="header failed">Failed Tests</th>
        </tr>
            <tr>
                <td class="group" colspan="3">userbugred_gui.LoginPage</td>
            </tr>
    <tr>
        <td class="method">
                openLoginPage
        </td>
        <td class="duration">
            33,312s
        </td>
        <td class="result">
            <!-- Display the dependencies for skipped test methods -->


            <!-- Show logger output for the test -->

                <a href="javascript:toggleElement('exception-0', 'block')"
                   title="Click to expand/collapse">
                    <b>TimeoutException: timeout: Timed out receiving message from renderer: 30.000<br/>
Screenshot: file:/C:/Users/Home/Desktop/Evgeniy/JavaProjects/usersbugred/build/reports/tests/1674155911329.0.png<br/>
Page source: file:/C:/Users/Home/Desktop/Evgeniy/JavaProjects/usersbugred/build/reports/tests/1674155911329.0.html<br/>
Timeout: 4 s.<br/>
Caused by: TimeoutException: timeout: Timed out receiving message from renderer: 30.000</b>
                </a>
                <br/>
                <div class="stackTrace" id="exception-0">
                        com.codeborne.selenide.ex.UIAssertionError.wrapToUIAssertionError(UIAssertionError.java:103)<br/>
                        com.codeborne.selenide.ex.UIAssertionError.wrapThrowable(UIAssertionError.java:86)<br/>
                        com.codeborne.selenide.ex.UIAssertionError.wrap(UIAssertionError.java:80)<br/>
                        com.codeborne.selenide.impl.SelenideElementProxy.invoke(SelenideElementProxy.java:92)<br/>
                        jdk.proxy2/jdk.proxy2.$Proxy5.click(Unknown Source)<br/>
                        userbugred_gui.LoginPage.openLoginPage(LoginPage.java:16)<br/>
                        java.base/jdk.internal.reflect.DirectMethodHandleAccessor.invoke(DirectMethodHandleAccessor.java:104)<br/>
                        java.base/java.lang.reflect.Method.invoke(Method.java:577)<br/>
                        org.testng.internal.invokers.MethodInvocationHelper.invokeMethod(MethodInvocationHelper.java:139)<br/>
                        org.testng.internal.invokers.TestInvoker.invokeMethod(TestInvoker.java:677)<br/>
                        org.testng.internal.invokers.TestInvoker.invokeTestMethod(TestInvoker.java:221)<br/>
                        org.testng.internal.invokers.MethodRunner.runInSequence(MethodRunner.java:50)<br/>
                        org.testng.internal.invokers.TestInvoker$MethodInvocationAgent.invoke(TestInvoker.java:962)<br/>
                        org.testng.internal.invokers.TestInvoker.invokeTestMethods(TestInvoker.java:194)<br/>
                        org.testng.internal.invokers.TestMethodWorker.invokeTestMethods(TestMethodWorker.java:148)<br/>
                        org.testng.internal.invokers.TestMethodWorker.run(TestMethodWorker.java:128)<br/>
                        java.base/java.util.ArrayList.forEach(ArrayList.java:1511)<br/>
                        org.testng.TestRunner.privateRun(TestRunner.java:806)<br/>
                        org.testng.TestRunner.run(TestRunner.java:601)<br/>
                        org.testng.SuiteRunner.runTest(SuiteRunner.java:433)<br/>
                        org.testng.SuiteRunner.runSequentially(SuiteRunner.java:427)<br/>
                        org.testng.SuiteRunner.privateRun(SuiteRunner.java:387)<br/>
                        org.testng.SuiteRunner.run(SuiteRunner.java:330)<br/>
                        org.testng.SuiteRunnerWorker.runSuite(SuiteRunnerWorker.java:52)<br/>
                        org.testng.SuiteRunnerWorker.run(SuiteRunnerWorker.java:95)<br/>
                        org.testng.TestNG.runSuitesSequentially(TestNG.java:1256)<br/>
                        org.testng.TestNG.runSuitesLocally(TestNG.java:1176)<br/>
                        org.testng.TestNG.runSuites(TestNG.java:1099)<br/>
                        org.testng.TestNG.run(TestNG.java:1067)<br/>
                        com.intellij.rt.testng.IDEARemoteTestNG.run(IDEARemoteTestNG.java:66)<br/>
                        com.intellij.rt.testng.RemoteTestNGStarter.main(RemoteTestNGStarter.java:109)<br/>
                        <b>Caused by: </b>
                        <a href="javascript:toggleElement('exception-1', 'block')"
                           title="Click to expand/collapse">
                            org.openqa.selenium.TimeoutException: timeout: Timed out receiving message from renderer: 30.000<br/>
&nbsp; (Session info: chrome=109.0.5414.75)<br/>
Build info: version: &apos;4.6.0&apos;, revision: &apos;79f1c02ae20&apos;<br/>
System info: os.name: &apos;Windows 10&apos;, os.arch: &apos;amd64&apos;, os.version: &apos;10.0&apos;, java.version: &apos;18.0.2.1&apos;<br/>
Driver info: org.openqa.selenium.chrome.ChromeDriver<br/>
Command: [acb7eb1cc65f86fdba30f322838bf734, clickElement {id=c279acc1-662f-45e7-b4d5-d70524026ba8}]<br/>
Capabilities {acceptInsecureCerts: true, browserName: chrome, browserVersion: 109.0.5414.75, chrome: {chromedriverVersion: 109.0.5414.74 (e7c5703604da..., userDataDir: C:\Users\Home\AppData\Local...}, goog:chromeOptions: {debuggerAddress: localhost:63281}, networkConnectionEnabled: false, pageLoadStrategy: normal, platformName: WINDOWS, proxy: Proxy(), se:cdp: ws://localhost:63281/devtoo..., se:cdpVersion: 109.0.5414.75, setWindowRect: true, strictFileInteractability: false, timeouts: {implicit: 0, pageLoad: 300000, script: 30000}, unhandledPromptBehavior: accept, webauthn:extension:credBlob: true, webauthn:extension:largeBlob: true, webauthn:virtualAuthenticators: true}<br/>
Element: [[ChromeDriver: chrome on WINDOWS (acb7eb1cc65f86fdba30f322838bf734)] -&gt; xpath: //a[@href=&apos;/user/login/index.html&apos;]]<br/>
Session ID: acb7eb1cc65f86fdba30f322838bf734
                        </a>
                        <br/>
                        <div class="stackTrace" id="exception-1">
                                java.base/jdk.internal.reflect.DirectConstructorHandleAccessor.newInstance(DirectConstructorHandleAccessor.java:67)<br/>
                                java.base/java.lang.reflect.Constructor.newInstanceWithCaller(Constructor.java:499)<br/>
                                java.base/java.lang.reflect.Constructor.newInstance(Constructor.java:483)<br/>
                                org.openqa.selenium.remote.codec.w3c.W3CHttpResponseCodec.createException(W3CHttpResponseCodec.java:200)<br/>
                                org.openqa.selenium.remote.codec.w3c.W3CHttpResponseCodec.decode(W3CHttpResponseCodec.java:133)<br/>
                                org.openqa.selenium.remote.codec.w3c.W3CHttpResponseCodec.decode(W3CHttpResponseCodec.java:53)<br/>
                                org.openqa.selenium.remote.HttpCommandExecutor.execute(HttpCommandExecutor.java:184)<br/>
                                org.openqa.selenium.remote.service.DriverCommandExecutor.invokeExecute(DriverCommandExecutor.java:167)<br/>
                                org.openqa.selenium.remote.service.DriverCommandExecutor.execute(DriverCommandExecutor.java:142)<br/>
                                org.openqa.selenium.remote.RemoteWebDriver.execute(RemoteWebDriver.java:541)<br/>
                                org.openqa.selenium.remote.RemoteWebElement.execute(RemoteWebElement.java:257)<br/>
                                org.openqa.selenium.remote.RemoteWebElement.click(RemoteWebElement.java:78)<br/>
                                com.codeborne.selenide.commands.Click.defaultClick(Click.java:97)<br/>
                                com.codeborne.selenide.commands.Click.click(Click.java:54)<br/>
                                com.codeborne.selenide.commands.Click.execute(Click.java:31)<br/>
                                com.codeborne.selenide.commands.Click.execute(Click.java:21)<br/>
                                com.codeborne.selenide.commands.Commands.execute(Commands.java:157)<br/>
                                com.codeborne.selenide.impl.SelenideElementProxy.dispatchAndRetry(SelenideElementProxy.java:130)<br/>
                                com.codeborne.selenide.impl.SelenideElementProxy.invoke(SelenideElementProxy.java:82)<br/>
                                jdk.proxy2/jdk.proxy2.$Proxy5.click(Unknown Source)<br/>
                                userbugred_gui.LoginPage.openLoginPage(LoginPage.java:16)<br/>
                                java.base/jdk.internal.reflect.DirectMethodHandleAccessor.invoke(DirectMethodHandleAccessor.java:104)<br/>
                                java.base/java.lang.reflect.Method.invoke(Method.java:577)<br/>
                                org.testng.internal.invokers.MethodInvocationHelper.invokeMethod(MethodInvocationHelper.java:139)<br/>
                                org.testng.internal.invokers.TestInvoker.invokeMethod(TestInvoker.java:677)<br/>
                                org.testng.internal.invokers.TestInvoker.invokeTestMethod(TestInvoker.java:221)<br/>
                                org.testng.internal.invokers.MethodRunner.runInSequence(MethodRunner.java:50)<br/>
                                org.testng.internal.invokers.TestInvoker$MethodInvocationAgent.invoke(TestInvoker.java:962)<br/>
                                org.testng.internal.invokers.TestInvoker.invokeTestMethods(TestInvoker.java:194)<br/>
                                org.testng.internal.invokers.TestMethodWorker.invokeTestMethods(TestMethodWorker.java:148)<br/>
                                org.testng.internal.invokers.TestMethodWorker.run(TestMethodWorker.java:128)<br/>
                                java.base/java.util.ArrayList.forEach(ArrayList.java:1511)<br/>
                                org.testng.TestRunner.privateRun(TestRunner.java:806)<br/>
                                org.testng.TestRunner.run(TestRunner.java:601)<br/>
                                org.testng.SuiteRunner.runTest(SuiteRunner.java:433)<br/>
                                org.testng.SuiteRunner.runSequentially(SuiteRunner.java:427)<br/>
                                org.testng.SuiteRunner.privateRun(SuiteRunner.java:387)<br/>
                                org.testng.SuiteRunner.run(SuiteRunner.java:330)<br/>
                                org.testng.SuiteRunnerWorker.runSuite(SuiteRunnerWorker.java:52)<br/>
                                org.testng.SuiteRunnerWorker.run(SuiteRunnerWorker.java:95)<br/>
                                org.testng.TestNG.runSuitesSequentially(TestNG.java:1256)<br/>
                                org.testng.TestNG.runSuitesLocally(TestNG.java:1176)<br/>
                                org.testng.TestNG.runSuites(TestNG.java:1099)<br/>
                                org.testng.TestNG.run(TestNG.java:1067)<br/>
                                com.intellij.rt.testng.IDEARemoteTestNG.run(IDEARemoteTestNG.java:66)<br/>
                                com.intellij.rt.testng.RemoteTestNGStarter.main(RemoteTestNGStarter.java:109)<br/>
                        </div>
                </div>
        </td>
    </tr>
    </table>


    <table class="resultsTable" width="100%">
        <tr>
            <th colspan="3" class="header passed">Passed Tests</th>
        </tr>
            <tr>
                <td class="group" colspan="3">userbugred_gui.FindUser</td>
            </tr>
    <tr>
        <td class="method">
                searchByKeyWord
        </td>
        <td class="duration">
            1,163s
        </td>
        <td class="result">
            <!-- Display the dependencies for skipped test methods -->


            <!-- Show logger output for the test -->

        </td>
    </tr>
            <tr>
                <td class="group" colspan="3">userbugred_gui.StartPage</td>
            </tr>
    <tr>
        <td class="method">
                openSite
        </td>
        <td class="duration">
            52,244s
        </td>
        <td class="result">
            <!-- Display the dependencies for skipped test methods -->


            <!-- Show logger output for the test -->

        </td>
    </tr>
            <tr>
                <td class="group" colspan="3">userbugred_gui.UserAuthorization</td>
            </tr>
    <tr>
        <td class="method">
                loginAsRegisteredUser
        </td>
        <td class="duration">
            1,878s
        </td>
        <td class="result">
            <!-- Display the dependencies for skipped test methods -->


            <!-- Show logger output for the test -->

        </td>
    </tr>
    <tr>
        <td class="method">
                registerAsExistingUser
        </td>
        <td class="duration">
            11,953s
        </td>
        <td class="result">
            <!-- Display the dependencies for skipped test methods -->


            <!-- Show logger output for the test -->

        </td>
    </tr>
    </table>

<script type="text/javascript" src="reportng.js"></script>
</body>
